<?xml version="1.0" encoding="UTF-8"?>
<!-- Generated by org.testng.reporters.JUnitReportReporter -->
<testsuite hostname="VMPL-IT-L006" failures="0" tests="2" name="tests.LoginTest1" time="7.310" errors="0" timestamp="2023-07-22T14:10:16 IST" skipped="0">
  <testcase classname="tests.LoginTest1" name="loginTest" time="7.153"/>
  <testcase classname="tests.LoginTest1" name="logoutTest" time="0.157"/>
</testsuite> <!-- tests.LoginTest1 -->
